SF:lib\app\shared_prefs\token_shared_prefs.dart
DA:10,0
DA:12,0
DA:14,0
DA:15,0
DA:18,0
DA:23,0
DA:25,0
DA:26,0
DA:27,0
DA:29,0
DA:33,0
DA:35,0
DA:36,0
DA:38,0
DA:39,0
DA:40,0
DA:41,0
DA:45,0
DA:52,0
DA:53,0
LF:20
LH:0
end_of_record
SF:lib\core\error\failure.dart
DA:6,1
DA:8,0
DA:9,0
DA:13,0
DA:18,1
DA:25,0
DA:31,0
LF:7
LH:2
end_of_record
SF:lib\features\auth\domain\use_case\login_use_case.dart
DA:13,1
DA:18,0
DA:22,0
DA:23,0
DA:24,0
DA:25,0
DA:33,1
DA:34,1
DA:36,4
DA:37,1
DA:38,2
DA:39,1
DA:40,2
DA:41,1
LF:14
LH:9
end_of_record
SF:lib\features\auth\domain\entity\auth_entity.dart
DA:10,0
DA:18,0
DA:19,0
LF:3
LH:0
end_of_record
